<?xml version="1.0" encoding="UTF-8"?>
<testsuite xmlns:xsi="http://www.w3.org/2001/XMLSchema-instance" xsi:noNamespaceSchemaLocation="https://maven.apache.org/surefire/maven-surefire-plugin/xsd/surefire-test-report.xsd" name="gen.factury.AppTest" time="0.024" tests="1" errors="0" skipped="0" failures="0">
  <properties>
    <property name="java.specification.version" value="18"/>
    <property name="sun.cpu.isalist" value="amd64"/>
    <property name="sun.jnu.encoding" value="Cp1250"/>
    <property name="java.class.path" value="E:\INA SEM3\Technologia-programowania\02\facturator\target\test-classes;E:\INA SEM3\Technologia-programowania\02\facturator\target\classes;C:\Users\Maksymilian Neumann\.m2\repository\junit\junit\4.11\junit-4.11.jar;C:\Users\Maksymilian Neumann\.m2\repository\org\hamcrest\hamcrest-core\1.3\hamcrest-core-1.3.jar;"/>
    <property name="java.vm.vendor" value="Oracle Corporation"/>
    <property name="sun.arch.data.model" value="64"/>
    <property name="user.variant" value=""/>
    <property name="java.vendor.url" value="https://java.oracle.com/"/>
    <property name="user.timezone" value="Europe/Warsaw"/>
    <property name="user.country.format" value="PL"/>
    <property name="os.name" value="Windows 11"/>
    <property name="java.vm.specification.version" value="18"/>
    <property name="sun.java.launcher" value="SUN_STANDARD"/>
    <property name="user.country" value="US"/>
    <property name="sun.boot.library.path" value="C:\Program Files\Java\jdk-18\bin"/>
    <property name="sun.java.command" value="C:\Users\MAKSYM~1\AppData\Local\Temp\surefire6537104981802894582\surefirebooter2649449667831916592.jar C:\Users\Maksymilian Neumann\AppData\Local\Temp\surefire6537104981802894582 2022-11-03T21-03-47_345-jvmRun1 surefire2463029234071583585tmp surefire_05597388588870232205tmp"/>
    <property name="jdk.debug" value="release"/>
    <property name="surefire.test.class.path" value="E:\INA SEM3\Technologia-programowania\02\facturator\target\test-classes;E:\INA SEM3\Technologia-programowania\02\facturator\target\classes;C:\Users\Maksymilian Neumann\.m2\repository\junit\junit\4.11\junit-4.11.jar;C:\Users\Maksymilian Neumann\.m2\repository\org\hamcrest\hamcrest-core\1.3\hamcrest-core-1.3.jar;"/>
    <property name="sun.cpu.endian" value="little"/>
    <property name="user.home" value="C:\Users\Maksymilian Neumann"/>
    <property name="user.language" value="en"/>
    <property name="java.specification.vendor" value="Oracle Corporation"/>
    <property name="java.version.date" value="2022-03-22"/>
    <property name="java.home" value="C:\Program Files\Java\jdk-18"/>
    <property name="file.separator" value="\"/>
    <property name="basedir" value="E:\INA SEM3\Technologia-programowania\02\facturator"/>
    <property name="java.vm.compressedOopsMode" value="Zero based"/>
    <property name="line.separator" value="&#10;"/>
    <property name="java.vm.specification.vendor" value="Oracle Corporation"/>
    <property name="java.specification.name" value="Java Platform API Specification"/>
    <property name="surefire.real.class.path" value="C:\Users\MAKSYM~1\AppData\Local\Temp\surefire6537104981802894582\surefirebooter2649449667831916592.jar"/>
    <property name="user.script" value=""/>
    <property name="sun.management.compiler" value="HotSpot 64-Bit Tiered Compilers"/>
    <property name="java.runtime.version" value="18+36-2087"/>
    <property name="user.name" value="Maksymilian Neumann"/>
    <property name="path.separator" value=";"/>
    <property name="os.version" value="10.0"/>
    <property name="java.runtime.name" value="Java(TM) SE Runtime Environment"/>
    <property name="file.encoding" value="UTF-8"/>
    <property name="java.vm.name" value="Java HotSpot(TM) 64-Bit Server VM"/>
    <property name="localRepository" value="C:\Users\Maksymilian Neumann\.m2\repository"/>
    <property name="java.vendor.url.bug" value="https://bugreport.java.com/bugreport/"/>
    <property name="java.io.tmpdir" value="C:\Users\MAKSYM~1\AppData\Local\Temp\"/>
    <property name="idea.version" value="2022.2.3"/>
    <property name="java.version" value="18"/>
    <property name="user.dir" value="E:\INA SEM3\Technologia-programowania\02\facturator"/>
    <property name="os.arch" value="amd64"/>
    <property name="java.vm.specification.name" value="Java Virtual Machine Specification"/>
    <property name="user.language.format" value="pl"/>
    <property name="sun.os.patch.level" value=""/>
    <property name="native.encoding" value="Cp1250"/>
    <property name="java.library.path" value="C:\Program Files\Java\jdk-18\bin;C:\WINDOWS\Sun\Java\bin;C:\WINDOWS\system32;C:\WINDOWS;C:\Windows\system32;C:\Windows;C:\Windows\System32\Wbem;C:\Windows\System32\WindowsPowerShell\v1.0\;C:\Windows\System32\OpenSSH\;C:\Program Files (x86)\NVIDIA Corporation\PhysX\Common;C:\Program Files\NVIDIA Corporation\NVIDIA NvDLISR;C:\Program Files\Microsoft SQL Server\130\Tools\Binn\;C:\WINDOWS\system32;C:\WINDOWS;C:\WINDOWS\System32\Wbem;C:\WINDOWS\System32\WindowsPowerShell\v1.0\;C:\WINDOWS\System32\OpenSSH\;C:\Program Files\dotnet\;C:\Program Files\ffmpeg-5.0-essentials_build\bin;C:\Users\Maksymilian Neumann\AppData\Local\Programs\Python\Python310\Scripts\;C:\Users\Maksymilian Neumann\AppData\Local\Programs\Python\Python310\;C:\msys64\mingw64\bin;C:\Program Files\Java\jdk-17.0.2\bin;C:\Program Files\Java\scripts;C;C:\Program Files\Git\cmd;C:\WINDOWS\system32;C:\WINDOWS;C:\WINDOWS\System32\Wbem;C:\WINDOWS\System32\WindowsPowerShell\v1.0\;C:\WINDOWS\System32\OpenSSH\;D:\apache-maven-3.8.6\bin;C:\Program Files\SlikSvn\bin;C:\Users\Maksymilian Neumann\AppData\Local\Programs\Python\Python310\Scripts\;C:\Users\Maksymilian Neumann\AppData\Local\Programs\Python\Python310\;C:\Users\Maksymilian Neumann\.cargo\bin;C:\Users\Maksymilian Neumann\AppData\Local\Microsoft\WindowsApps;C:\Program Files\JetBrains\PyCharm Community Edition 2020.2.3\bin;;C:\Program Files\JetBrains\PyCharm 2021.2.2\bin;;C:\Program Files\JetBrains\JetBrains Rider 2021.2.1\bin;;E:\Microsoft VS Code\bin;C:\Program Files\JetBrains\CLion 2021.2.2\bin;;C:\Program Files\LLVM\bin;C:\Users\Maksymilian Neumann\.dotnet\tools;C:\Users\Maksymilian Neumann\AppData\Local\Programs\MiKTeX\miktex\bin\x64\;C:\Program Files\ffmpeg-5.0-essentials_build\bin;C:\Users\Maksymilian Neumann\AppData\Local\GitHubDesktop\bin;C:\proto;;C:\Program Files\JetBrains\IntelliJ IDEA 2022.2.3\bin;;."/>
    <property name="java.vm.info" value="mixed mode, sharing"/>
    <property name="java.vendor" value="Oracle Corporation"/>
    <property name="java.vm.version" value="18+36-2087"/>
    <property name="sun.io.unicode.encoding" value="UnicodeLittle"/>
    <property name="java.class.version" value="62.0"/>
  </properties>
  <testcase name="shouldAnswerWithTrue" classname="gen.factury.AppTest" time="0.002"/>
</testsuite>